# Log file created/rotated Friday, 21 Feb 20 14:37:42 GMT
2020-02-21 14:37:42 (W) Loader: path does not exist (/home/cabe/.urserver/remotes/bundled/Unified/Main/GOM Player/)
2020-02-21 14:37:42 (I) Loader: loading remote: /home/cabe/.urserver/remotes/bundled/Unified/Main/GOM Player/meta.prop
2020-02-21 14:37:42 (I) Loader: loading remote: /home/cabe/.urserver/remotes/bundled/Unified/Main/GOM Player/meta.prop
2020-02-21 14:37:42 (I) Loader: loading remote: /home/cabe/.urserver/remotes/bundled/Unified/Main/Plex App Win10/meta.prop
2020-02-21 14:37:42 (I) Loader: loading remote: /home/cabe/.urserver/remotes/bundled/Unified/Main/Plex App Win10/meta.prop
2020-02-21 14:37:42 (I) Loader: loading remote: /home/cabe/.urserver/remotes/bundled/Unified/Main/Plex App Win10/meta.prop
2020-02-21 14:37:42 (I) Loader: loading remote: /home/cabe/.urserver/remotes/bundled/Unified/Main/Scroll Wheel/meta.prop
2020-02-21 14:37:42 (I) Loader: loading remote: /home/cabe/.urserver/remotes/bundled/Unified/Main/Scroll Wheel/meta.prop
2020-02-21 14:37:42 (I) Loader: loading remote: /home/cabe/.urserver/remotes/bundled/Unified/Main/Scroll Wheel/meta.prop
2020-02-21 14:37:42 (I) Loader: loading remote: /home/cabe/.urserver/remotes/bundled/Unified/Main/Plex/meta.prop
2020-02-21 14:37:42 (I) Loader: loading remote: /home/cabe/.urserver/remotes/bundled/Unified/Main/Plex/meta.prop
2020-02-21 14:37:42 (I) Loader: loading remote: /home/cabe/.urserver/remotes/bundled/Unified/Main/Plex/meta.prop
2020-02-21 14:37:42 (I) Loader: loading remote: /home/cabe/.urserver/remotes/bundled/Unified/Main/YouTube/meta.prop
2020-02-21 14:37:42 (I) Loader: loading remote: /home/cabe/.urserver/remotes/bundled/Unified/Main/YouTube/meta.prop
2020-02-21 14:37:42 (I) Loader: loading remote: /home/cabe/.urserver/remotes/bundled/Unified/Main/YouTube/meta.prop
2020-02-21 14:37:42 (I) Loader: loading remote: /home/cabe/.urserver/remotes/bundled/Unified/Main/Kodi Keyboard Dpad/meta.prop
2020-02-21 14:37:42 (I) Loader: loading remote: /home/cabe/.urserver/remotes/bundled/Unified/Main/Kodi Keyboard Dpad/meta.prop
2020-02-21 14:37:42 (I) Loader: loading remote: /home/cabe/.urserver/remotes/bundled/Unified/Main/Kodi Keyboard Dpad/meta.prop
2020-02-21 14:37:42 (I) Loader: loading remote: /home/cabe/.urserver/remotes/bundled/Unified/Main/Chrome/meta.prop
2020-02-21 14:37:43 (I) Loader: loading remote: /home/cabe/.urserver/remotes/bundled/Unified/Main/Chrome/meta.prop
2020-02-21 14:37:43 (I) Loader: loading remote: /home/cabe/.urserver/remotes/bundled/Unified/Main/Chrome/meta.prop
2020-02-21 14:37:43 (I) Loader: loading remote: /home/cabe/.urserver/remotes/bundled/Unified/Main/Chrome/meta.prop
2020-02-21 14:37:43 (I) Loader: loading remote: /home/cabe/.urserver/remotes/bundled/Unified/Main/Command/meta.prop
2020-02-21 14:37:43 (I) Loader: loading remote: /home/cabe/.urserver/remotes/bundled/Unified/Main/Command/meta.prop
2020-02-21 14:37:43 (I) Loader: loading remote: /home/cabe/.urserver/remotes/bundled/Unified/Main/Command/meta.prop
2020-02-21 14:37:43 (I) Loader: loading remote: /home/cabe/.urserver/remotes/bundled/Unified/Main/SlideShow/meta.prop
2020-02-21 14:37:43 (I) Loader: loading remote: /home/cabe/.urserver/remotes/bundled/Unified/Main/SlideShow/meta.prop
2020-02-21 14:37:43 (I) Loader: loading remote: /home/cabe/.urserver/remotes/bundled/Unified/Main/SlideShow/meta.prop
2020-02-21 14:37:43 (I) Loader: loading remote: /home/cabe/.urserver/remotes/bundled/Unified/Main/PowerPoint Basic/meta.prop
2020-02-21 14:37:43 (I) Loader: loading remote: /home/cabe/.urserver/remotes/bundled/Unified/Main/PowerPoint Basic/meta.prop
2020-02-21 14:37:43 (I) Loader: loading remote: /home/cabe/.urserver/remotes/bundled/Unified/Main/PowerPoint Basic/meta.prop
2020-02-21 14:37:43 (I) Loader: loading remote: /home/cabe/.urserver/remotes/bundled/Unified/Main/VLC Web/meta.prop
2020-02-21 14:37:43 (I) Loader: loading remote: /home/cabe/.urserver/remotes/bundled/Unified/Main/VLC Web/meta.prop
2020-02-21 14:37:43 (I) Loader: loading remote: /home/cabe/.urserver/remotes/bundled/Unified/Main/VLC Web/meta.prop
2020-02-21 14:37:43 (I) Loader: loading remote: /home/cabe/.urserver/remotes/bundled/Unified/Main/Basic Input MT/meta.prop
2020-02-21 14:37:43 (I) Loader: loading remote: /home/cabe/.urserver/remotes/bundled/Unified/Main/Basic Input MT/meta.prop
2020-02-21 14:37:43 (I) Loader: loading remote: /home/cabe/.urserver/remotes/bundled/Unified/Main/Basic Input MT/meta.prop
2020-02-21 14:37:43 (I) Loader: loading remote: /home/cabe/.urserver/remotes/bundled/Unified/Main/VLC/meta.prop
2020-02-21 14:37:43 (I) Loader: loading remote: /home/cabe/.urserver/remotes/bundled/Unified/Main/VLC/meta.prop
2020-02-21 14:37:43 (I) Loader: loading remote: /home/cabe/.urserver/remotes/bundled/Unified/Main/VLC/meta.prop
2020-02-21 14:37:43 (I) Loader: loading remote: /home/cabe/.urserver/remotes/bundled/Unified/Main/VLC/meta.prop
2020-02-21 14:37:43 (I) Loader: loading remote: /home/cabe/.urserver/remotes/bundled/Unified/Main/VLC/meta.prop
2020-02-21 14:37:43 (I) Loader: loading remote: /home/cabe/.urserver/remotes/bundled/Unified/Main/VLC/meta.prop
2020-02-21 14:37:43 (I) Loader: loading remote: /home/cabe/.urserver/remotes/bundled/Unified/Main/Google Music/meta.prop
2020-02-21 14:37:43 (I) Loader: loading remote: /home/cabe/.urserver/remotes/bundled/Unified/Main/Google Music/meta.prop
2020-02-21 14:37:43 (I) Loader: loading remote: /home/cabe/.urserver/remotes/bundled/Unified/Main/Google Music/meta.prop
2020-02-21 14:37:43 (I) Loader: loading remote: /home/cabe/.urserver/remotes/bundled/Unified/Main/Google Music/meta.prop
2020-02-21 14:37:43 (I) Loader: loading remote: /home/cabe/.urserver/remotes/bundled/Unified/Main/Google Music/meta.prop
2020-02-21 14:37:43 (I) Loader: loading remote: /home/cabe/.urserver/remotes/bundled/Unified/Main/Pandora/meta.prop
2020-02-21 14:37:43 (I) Loader: loading remote: /home/cabe/.urserver/remotes/bundled/Unified/Main/Pandora/meta.prop
2020-02-21 14:37:43 (I) Loader: loading remote: /home/cabe/.urserver/remotes/bundled/Unified/Main/Pandora/meta.prop
2020-02-21 14:37:43 (I) Loader: loading remote: /home/cabe/.urserver/remotes/bundled/Unified/Main/XBMC Web/meta.prop
2020-02-21 14:37:43 (I) Loader: loading remote: /home/cabe/.urserver/remotes/bundled/Unified/Main/XBMC Web/meta.prop
2020-02-21 14:37:43 (I) Loader: loading remote: /home/cabe/.urserver/remotes/bundled/Unified/Main/XBMC Web/meta.prop
2020-02-21 14:37:43 (I) Loader: loading remote: /home/cabe/.urserver/remotes/bundled/Unified/Main/Send Text/meta.prop
2020-02-21 14:37:43 (I) Loader: loading remote: /home/cabe/.urserver/remotes/bundled/Unified/Main/Send Text/meta.prop
2020-02-21 14:37:43 (I) Loader: loading remote: /home/cabe/.urserver/remotes/bundled/Unified/Main/Send Text/meta.prop
2020-02-21 14:37:43 (I) Loader: loading remote: /home/cabe/.urserver/remotes/bundled/Unified/Main/Launcher (Linux)/meta.prop
2020-02-21 14:37:43 (I) Loader: loading remote: /home/cabe/.urserver/remotes/bundled/Unified/Main/Launcher (Linux)/meta.prop
2020-02-21 14:37:43 (I) Loader: loading remote: /home/cabe/.urserver/remotes/bundled/Unified/Main/Launcher (Linux)/meta.prop
2020-02-21 14:37:43 (I) Loader: loading remote: /home/cabe/.urserver/remotes/bundled/Unified/Main/TwitchTV/meta.prop
2020-02-21 14:37:43 (I) Loader: loading remote: /home/cabe/.urserver/remotes/bundled/Unified/Main/TwitchTV/meta.prop
2020-02-21 14:37:43 (I) Loader: loading remote: /home/cabe/.urserver/remotes/bundled/Unified/Main/TwitchTV/meta.prop
2020-02-21 14:37:43 (I) Loader: loading remote: /home/cabe/.urserver/remotes/bundled/Unified/Main/TwitchTV/meta.prop
2020-02-21 14:37:43 (I) Loader: loading remote: /home/cabe/.urserver/remotes/bundled/Unified/Main/XBMC Keyboard/meta.prop
2020-02-21 14:37:43 (I) Loader: loading remote: /home/cabe/.urserver/remotes/bundled/Unified/Main/XBMC Keyboard/meta.prop
2020-02-21 14:37:43 (I) Loader: loading remote: /home/cabe/.urserver/remotes/bundled/Unified/Main/XBMC Keyboard/meta.prop
2020-02-21 14:37:43 (I) Loader: loading remote: /home/cabe/.urserver/remotes/bundled/Unified/Main/Netflix/meta.prop
2020-02-21 14:37:43 (I) Loader: loading remote: /home/cabe/.urserver/remotes/bundled/Unified/Main/Netflix/meta.prop
2020-02-21 14:37:43 (I) Loader: loading remote: /home/cabe/.urserver/remotes/bundled/Unified/Main/Netflix/meta.prop
2020-02-21 14:37:43 (I) Loader: loading remote: /home/cabe/.urserver/remotes/bundled/Unified/Main/Netflix/meta.prop
2020-02-21 14:37:43 (I) Loader: loading remote: /home/cabe/.urserver/remotes/bundled/Unified/Main/Netflix/meta.prop
2020-02-21 14:37:43 (I) Loader: loading remote: /home/cabe/.urserver/remotes/bundled/Unified/Main/SoundCloud/meta.prop
2020-02-21 14:37:43 (I) Loader: loading remote: /home/cabe/.urserver/remotes/bundled/Unified/Main/SoundCloud/meta.prop
2020-02-21 14:37:43 (I) Loader: loading remote: /home/cabe/.urserver/remotes/bundled/Unified/Main/SoundCloud/meta.prop
2020-02-21 14:37:43 (I) Loader: loading remote: /home/cabe/.urserver/remotes/bundled/Unified/Main/Napster/meta.prop
2020-02-21 14:37:44 (I) Loader: loading remote: /home/cabe/.urserver/remotes/bundled/Unified/Main/Napster/meta.prop
2020-02-21 14:37:44 (I) Loader: loading remote: /home/cabe/.urserver/remotes/bundled/Unified/Main/Napster/meta.prop
2020-02-21 14:37:44 (I) Loader: loading remote: /home/cabe/.urserver/remotes/bundled/Unified/Main/Server Manager/meta.prop
2020-02-21 14:37:44 (I) Loader: loading remote: /home/cabe/.urserver/remotes/bundled/Unified/Main/Server Manager/meta.prop
2020-02-21 14:37:44 (I) Loader: loading remote: /home/cabe/.urserver/remotes/bundled/Unified/Main/Server Manager/meta.prop
2020-02-21 14:37:44 (I) Loader: loading remote: /home/cabe/.urserver/remotes/bundled/Unified/Main/Firefox/meta.prop
2020-02-21 14:37:44 (I) Loader: loading remote: /home/cabe/.urserver/remotes/bundled/Unified/Main/Firefox/meta.prop
2020-02-21 14:37:44 (I) Loader: loading remote: /home/cabe/.urserver/remotes/bundled/Unified/Main/Firefox/meta.prop
2020-02-21 14:37:44 (I) Loader: loading remote: /home/cabe/.urserver/remotes/bundled/Unified/Main/Firefox/meta.prop
2020-02-21 14:37:44 (I) Loader: loading remote: /home/cabe/.urserver/remotes/bundled/Unified/Main/Spotify/meta.prop
2020-02-21 14:37:44 (I) Loader: loading remote: /home/cabe/.urserver/remotes/bundled/Unified/Main/Spotify/meta.prop
2020-02-21 14:37:44 (I) Loader: loading remote: /home/cabe/.urserver/remotes/bundled/Unified/Main/Spotify/meta.prop
2020-02-21 14:37:44 (I) Loader: loading remote: /home/cabe/.urserver/remotes/bundled/Unified/Main/Spotify/meta.prop
2020-02-21 14:37:44 (I) Loader: loading remote: /home/cabe/.urserver/remotes/bundled/Unified/Main/Spotify/meta.prop
2020-02-21 14:37:44 (I) Loader: loading remote: /home/cabe/.urserver/remotes/bundled/Unified/Main/Keyboards/German/meta.prop
2020-02-21 14:37:44 (I) Loader: loading remote: /home/cabe/.urserver/remotes/bundled/Unified/Main/Keyboards/German/meta.prop
2020-02-21 14:37:44 (I) Loader: loading remote: /home/cabe/.urserver/remotes/bundled/Unified/Main/Keyboards/English/meta.prop
2020-02-21 14:37:44 (I) Loader: loading remote: /home/cabe/.urserver/remotes/bundled/Unified/Main/Keyboards/English/meta.prop
2020-02-21 14:37:44 (I) Loader: loading remote: /home/cabe/.urserver/remotes/bundled/Unified/Main/Keyboards/Navigation/meta.prop
2020-02-21 14:37:44 (I) Loader: loading remote: /home/cabe/.urserver/remotes/bundled/Unified/Main/Keyboards/Navigation/meta.prop
2020-02-21 14:37:44 (I) Loader: loading remote: /home/cabe/.urserver/remotes/bundled/Unified/Main/Keyboards/Russian/meta.prop
2020-02-21 14:37:44 (I) Loader: loading remote: /home/cabe/.urserver/remotes/bundled/Unified/Main/Keyboards/Russian/meta.prop
2020-02-21 14:37:44 (I) Loader: loading remote: /home/cabe/.urserver/remotes/bundled/Unified/Main/Keyboards/Dvorak/meta.prop
2020-02-21 14:37:44 (I) Loader: loading remote: /home/cabe/.urserver/remotes/bundled/Unified/Main/Keyboards/Dvorak/meta.prop
2020-02-21 14:37:44 (I) Loader: loading remote: /home/cabe/.urserver/remotes/bundled/Unified/Main/Keyboards/Swedish/meta.prop
2020-02-21 14:37:44 (I) Loader: loading remote: /home/cabe/.urserver/remotes/bundled/Unified/Main/Keyboards/Swedish/meta.prop
2020-02-21 14:37:44 (I) Loader: loading remote: /home/cabe/.urserver/remotes/bundled/Unified/Main/Keyboards/Function/meta.prop
2020-02-21 14:37:44 (I) Loader: loading remote: /home/cabe/.urserver/remotes/bundled/Unified/Main/Keyboards/Function/meta.prop
2020-02-21 14:37:44 (I) Loader: loading remote: /home/cabe/.urserver/remotes/bundled/Unified/Main/Keyboards/Arabic/meta.prop
2020-02-21 14:37:44 (I) Loader: loading remote: /home/cabe/.urserver/remotes/bundled/Unified/Main/Keyboards/Arabic/meta.prop
2020-02-21 14:37:45 (I) Loader: loading remote: /home/cabe/.urserver/remotes/bundled/Unified/Main/Media/meta.prop
2020-02-21 14:37:45 (I) Loader: loading remote: /home/cabe/.urserver/remotes/bundled/Unified/Main/Media/meta.prop
2020-02-21 14:37:45 (I) Loader: loading remote: /home/cabe/.urserver/remotes/bundled/Unified/Main/Media/meta.prop
2020-02-21 14:37:45 (I) Loader: loading remote: /home/cabe/.urserver/remotes/bundled/Unified/Main/Spotify Advanced/meta.prop
2020-02-21 14:37:45 (I) Loader: loading remote: /home/cabe/.urserver/remotes/bundled/Unified/Main/Spotify Advanced/meta.prop
2020-02-21 14:37:45 (I) Loader: loading remote: /home/cabe/.urserver/remotes/bundled/Unified/Main/Spotify Advanced/meta.prop
2020-02-21 14:37:45 (I) Loader: loading remote: /home/cabe/.urserver/remotes/bundled/Unified/Main/Spotify Advanced/meta.prop
2020-02-21 14:37:45 (I) Loader: loading remote: /home/cabe/.urserver/remotes/bundled/Unified/Main/Spotify Advanced/meta.prop
2020-02-21 14:37:45 (I) Loader: loading remote: /home/cabe/.urserver/remotes/bundled/Unified/Main/Spotify Advanced/meta.prop
2020-02-21 14:37:45 (I) Loader: loading remote: /home/cabe/.urserver/remotes/bundled/Unified/Main/Spotify Advanced/meta.prop
2020-02-21 14:37:45 (I) Loader: loading remote: /home/cabe/.urserver/remotes/bundled/Unified/Main/Spotify Advanced/meta.prop
2020-02-21 14:37:45 (I) Loader: loading remote: /home/cabe/.urserver/remotes/bundled/Unified/Main/Spotify Advanced/meta.prop
2020-02-21 14:37:45 (I) Loader: loading remote: /home/cabe/.urserver/remotes/bundled/Unified/Main/Spotify Advanced/meta.prop
2020-02-21 14:37:45 (I) Loader: loading remote: /home/cabe/.urserver/remotes/bundled/Unified/Main/Spotify Advanced/meta.prop
2020-02-21 14:37:45 (I) Loader: loading remote: /home/cabe/.urserver/remotes/bundled/Unified/Main/Boxee Web/meta.prop
2020-02-21 14:45:52 (W) Loader: path does not exist (/home/cabe/.urserver/remotes/bundled/Unified/Main/GOM Player/)
2020-02-22 02:46:07 (I) App: termination request received
2020-02-22 02:46:07 (I) HTTPInterface: stopping http interface
2020-02-22 02:46:07 (I) TCPInterfaceBase: stopping tcp interface
2020-02-22 02:46:08 (I) UDPInterface: stopping udp interface
2020-02-22 02:46:08 (I) Discovery: stopping discovery interface
2020-02-22 02:51:35 (I) Engine: initialized (production release 745)
2020-02-22 02:51:35 (I) Engine: app: /opt/urserver/urserver
2020-02-22 02:51:35 (I) Engine: manager: /opt/urserver/manager
2020-02-22 02:51:35 (I) Engine: config: /home/cabe/.urserver/urserver.config
2020-02-22 02:51:35 (I) Engine: logs: /home/cabe/.urserver/urserver.log
2020-02-22 02:51:35 (I) Engine: remotes: /home/cabe/.urserver/remotes
2020-02-22 02:51:35 (I) Engine: custom: /opt/urserver/custom
2020-02-22 02:51:35 (I) App: application starting
2020-02-22 02:51:35 (I) Loader: loading remote: /home/cabe/.urserver/remotes/custom/lmedia/meta.prop
2020-02-22 02:51:35 (I) Loader: loading remote: /home/cabe/.urserver/remotes/custom/lmediatab/meta.prop
2020-02-22 02:51:35 (I) Loader: loading remote: /home/cabe/.urserver/remotes/custom/lpower/meta.prop
2020-02-22 02:51:35 (I) Loader: loading remote: /home/cabe/.urserver/remotes/custom/mpv/meta.prop
2020-02-22 02:51:35 (I) Loader: loading remote: /home/cabe/.urserver/remotes/custom/mpd/meta.prop
2020-02-22 02:51:35 (I) Loader: loading remote: /home/cabe/.urserver/remotes/custom/linuxmain/meta.prop
2020-02-22 02:51:35 (I) Loader: loading remote: /home/cabe/.urserver/remotes/bundled/EyeTV/meta.prop
2020-02-22 02:51:35 (I) Loader: skipping remote for platform: osx
2020-02-22 02:51:35 (I) Loader: loading remote: /home/cabe/.urserver/remotes/bundled/Beamer/Beamer File Picker/meta.prop
2020-02-22 02:51:35 (I) Loader: skipping remote for platform: osx
2020-02-22 02:51:35 (I) Loader: loading remote: /home/cabe/.urserver/remotes/bundled/Beamer/Beamer/meta.prop
2020-02-22 02:51:35 (I) Loader: skipping remote for platform: osx
2020-02-22 02:51:35 (I) Loader: loading remote: /home/cabe/.urserver/remotes/bundled/MPC-BE/meta.prop
2020-02-22 02:51:35 (I) Loader: skipping remote for platform: windows
2020-02-22 02:51:35 (I) Loader: loading remote: /home/cabe/.urserver/remotes/bundled/Porthole/meta.prop
2020-02-22 02:51:35 (I) Loader: skipping remote for platform: osx
2020-02-22 02:51:35 (I) Loader: loading remote: /home/cabe/.urserver/remotes/bundled/Unified/Gaming/Minecraft/meta.prop
2020-02-22 02:51:35 (I) Loader: skipping remote for platform: windows
2020-02-22 02:51:35 (I) Loader: loading remote: /home/cabe/.urserver/remotes/bundled/Unified/Main/GOM Player/meta.prop
2020-02-22 02:51:35 (I) Loader: loading remote: /home/cabe/.urserver/remotes/bundled/Unified/Main/MediaMonkey/meta.prop
2020-02-22 02:51:35 (I) Loader: skipping remote for platform: windows
2020-02-22 02:51:35 (I) Loader: loading remote: /home/cabe/.urserver/remotes/bundled/Unified/Main/Plex App Win10/meta.prop
2020-02-22 02:51:35 (I) Loader: loading remote: /home/cabe/.urserver/remotes/bundled/Unified/Main/Scroll Wheel/meta.prop
2020-02-22 02:51:35 (I) Loader: loading remote: /home/cabe/.urserver/remotes/bundled/Unified/Main/MusicBee/meta.prop
2020-02-22 02:51:35 (I) Loader: skipping remote for platform: windows
2020-02-22 02:51:35 (I) Loader: loading remote: /home/cabe/.urserver/remotes/bundled/Unified/Main/Plex/meta.prop
2020-02-22 02:51:35 (I) Loader: loading remote: /home/cabe/.urserver/remotes/bundled/Unified/Main/BSPlayer/meta.prop
2020-02-22 02:51:35 (I) Loader: skipping remote for platform: windows
2020-02-22 02:51:35 (I) Loader: loading remote: /home/cabe/.urserver/remotes/bundled/Unified/Main/YouTube/meta.prop
2020-02-22 02:51:35 (I) Loader: loading remote: /home/cabe/.urserver/remotes/bundled/Unified/Main/Windows Media Player/meta.prop
2020-02-22 02:51:35 (I) Loader: skipping remote for platform: windows
2020-02-22 02:51:35 (I) Loader: loading remote: /home/cabe/.urserver/remotes/bundled/Unified/Main/KMPlayer/meta.prop
2020-02-22 02:51:35 (I) Loader: skipping remote for platform: windows
2020-02-22 02:51:35 (I) Loader: loading remote: /home/cabe/.urserver/remotes/bundled/Unified/Main/Boxee Keyboard Legacy/meta.prop
2020-02-22 02:51:35 (I) Loader: skipping remote for platform: windows
2020-02-22 02:51:35 (I) Loader: loading remote: /home/cabe/.urserver/remotes/bundled/Unified/Main/PowerPoint Advanced/meta.prop
2020-02-22 02:51:35 (I) Loader: skipping remote for platform: windows osx
2020-02-22 02:51:35 (I) Loader: loading remote: /home/cabe/.urserver/remotes/bundled/Unified/Main/Kodi Keyboard Dpad/meta.prop
2020-02-22 02:51:35 (I) Loader: loading remote: /home/cabe/.urserver/remotes/bundled/Unified/Main/Chrome/meta.prop
2020-02-22 02:51:35 (I) Loader: loading remote: /home/cabe/.urserver/remotes/bundled/Unified/Main/Start/meta.prop
2020-02-22 02:51:35 (I) Loader: skipping remote for platform: win
2020-02-22 02:51:35 (I) Loader: loading remote: /home/cabe/.urserver/remotes/bundled/Unified/Main/Groove/meta.prop
2020-02-22 02:51:35 (I) Loader: skipping remote for platform: windows
2020-02-22 02:51:35 (I) Loader: loading remote: /home/cabe/.urserver/remotes/bundled/Unified/Main/Command/meta.prop
2020-02-22 02:51:35 (I) Loader: loading remote: /home/cabe/.urserver/remotes/bundled/Unified/Main/SlideShow/meta.prop
2020-02-22 02:51:35 (I) Loader: loading remote: /home/cabe/.urserver/remotes/bundled/Unified/Main/PowerPoint Basic/meta.prop
2020-02-22 02:51:35 (I) Loader: loading remote: /home/cabe/.urserver/remotes/bundled/Unified/Main/VLC Web/meta.prop
2020-02-22 02:51:35 (I) Loader: loading remote: /home/cabe/.urserver/remotes/bundled/Unified/Main/USB-UIRT/meta.prop
2020-02-22 02:51:35 (I) Loader: skipping remote for platform: windows
2020-02-22 02:51:35 (I) Loader: loading remote: /home/cabe/.urserver/remotes/bundled/Unified/Main/Magnifier/meta.prop
2020-02-22 02:51:35 (I) Loader: skipping remote for platform: windows
2020-02-22 02:51:35 (I) Loader: loading remote: /home/cabe/.urserver/remotes/bundled/Unified/Main/Basic Input MT/meta.prop
2020-02-22 02:51:35 (I) Loader: loading remote: /home/cabe/.urserver/remotes/bundled/Unified/Main/VLC/meta.prop
2020-02-22 02:51:35 (I) Loader: loading remote: /home/cabe/.urserver/remotes/bundled/Unified/Main/Picasa/meta.prop
2020-02-22 02:51:35 (I) Loader: skipping remote for platform: windows
2020-02-22 02:51:35 (I) Loader: loading remote: /home/cabe/.urserver/remotes/bundled/Unified/Main/Google Music/meta.prop
2020-02-22 02:51:35 (I) Loader: loading remote: /home/cabe/.urserver/remotes/bundled/Unified/Main/Pandora/meta.prop
2020-02-22 02:51:35 (I) Loader: loading remote: /home/cabe/.urserver/remotes/bundled/Unified/Main/Safari/meta.prop
2020-02-22 02:51:35 (I) Loader: skipping remote for platform: macosx
2020-02-22 02:51:35 (I) Loader: loading remote: /home/cabe/.urserver/remotes/bundled/Unified/Main/XBMC Web/meta.prop
2020-02-22 02:51:35 (I) Loader: loading remote: /home/cabe/.urserver/remotes/bundled/Unified/Main/Send Text/meta.prop
2020-02-22 02:51:35 (I) Loader: loading remote: /home/cabe/.urserver/remotes/bundled/Unified/Main/IE/meta.prop
2020-02-22 02:51:35 (I) Loader: skipping remote for platform: windows
2020-02-22 02:51:35 (I) Loader: loading remote: /home/cabe/.urserver/remotes/bundled/Unified/Main/JRiver/meta.prop
2020-02-22 02:51:35 (I) Loader: skipping remote for platform: windows
2020-02-22 02:51:35 (I) Loader: loading remote: /home/cabe/.urserver/remotes/bundled/Unified/Main/Volume/meta.prop
2020-02-22 02:51:35 (I) Loader: skipping remote for platform: windows macosx
2020-02-22 02:51:35 (I) Loader: loading remote: /home/cabe/.urserver/remotes/bundled/Unified/Main/Mac OS X/meta.prop
2020-02-22 02:51:35 (I) Loader: skipping remote for platform: osx
2020-02-22 02:51:35 (I) Loader: loading remote: /home/cabe/.urserver/remotes/bundled/Unified/Main/Launcher (Linux)/meta.prop
2020-02-22 02:51:35 (I) Loader: loading remote: /home/cabe/.urserver/remotes/bundled/Unified/Main/CD-DVD Tray/meta.prop
2020-02-22 02:51:35 (I) Loader: skipping remote for platform: windows macosx
2020-02-22 02:51:35 (I) Loader: loading remote: /home/cabe/.urserver/remotes/bundled/Unified/Main/Netflix App/meta.prop
2020-02-22 02:51:35 (I) Loader: skipping remote for platform: windows
2020-02-22 02:51:35 (I) Loader: loading remote: /home/cabe/.urserver/remotes/bundled/Unified/Main/Skype/meta.prop
2020-02-22 02:51:35 (I) Loader: skipping remote for platform: windows
2020-02-22 02:51:35 (I) Loader: loading remote: /home/cabe/.urserver/remotes/bundled/Unified/Main/Task Manager/meta.prop
2020-02-22 02:51:35 (I) Loader: skipping remote for platform: windows macosx
2020-02-22 02:51:35 (I) Loader: loading remote: /home/cabe/.urserver/remotes/bundled/Unified/Main/TwitchTV/meta.prop
2020-02-22 02:51:35 (I) Loader: loading remote: /home/cabe/.urserver/remotes/bundled/Unified/Main/Windows 8/meta.prop
2020-02-22 02:51:35 (I) Loader: skipping remote for platform: windows
2020-02-22 02:51:35 (I) Loader: loading remote: /home/cabe/.urserver/remotes/bundled/Unified/Main/QuickTime Player/meta.prop
2020-02-22 02:51:35 (I) Loader: skipping remote for platform: osx
2020-02-22 02:51:35 (I) Loader: loading remote: /home/cabe/.urserver/remotes/bundled/Unified/Main/XBMC Keyboard/meta.prop
2020-02-22 02:51:35 (I) Loader: loading remote: /home/cabe/.urserver/remotes/bundled/Unified/Main/foobar2000/meta.prop
2020-02-22 02:51:35 (I) Loader: skipping remote for platform: windows
2020-02-22 02:51:35 (I) Loader: loading remote: /home/cabe/.urserver/remotes/bundled/Unified/Main/TellStick Live/meta.prop
2020-02-22 02:51:35 (I) Loader: skipping remote for platform: windows
2020-02-22 02:51:35 (I) Loader: loading remote: /home/cabe/.urserver/remotes/bundled/Unified/Main/Boxee Keyboard/meta.prop
2020-02-22 02:51:35 (I) Loader: skipping remote for platform: windows
2020-02-22 02:51:35 (I) Loader: loading remote: /home/cabe/.urserver/remotes/bundled/Unified/Main/Netflix/meta.prop
2020-02-22 02:51:35 (I) Loader: loading remote: /home/cabe/.urserver/remotes/bundled/Unified/Main/SoundCloud/meta.prop
2020-02-22 02:51:35 (I) Loader: loading remote: /home/cabe/.urserver/remotes/bundled/Unified/Main/Napster/meta.prop
2020-02-22 02:51:35 (I) Loader: loading remote: /home/cabe/.urserver/remotes/bundled/Unified/Main/Launcher (Mac)/meta.prop
2020-02-22 02:51:35 (I) Loader: skipping remote for platform: macosx
2020-02-22 02:51:35 (I) Loader: loading remote: /home/cabe/.urserver/remotes/bundled/Unified/Main/Server Manager/meta.prop
2020-02-22 02:51:35 (I) Loader: loading remote: /home/cabe/.urserver/remotes/bundled/Unified/Main/Firefox/meta.prop
2020-02-22 02:51:35 (I) Loader: loading remote: /home/cabe/.urserver/remotes/bundled/Unified/Main/Netflix App Win10/meta.prop
2020-02-22 02:51:35 (I) Loader: skipping remote for platform: windows
2020-02-22 02:51:35 (I) Loader: loading remote: /home/cabe/.urserver/remotes/bundled/Unified/Main/Windows Photo Viewer/meta.prop
2020-02-22 02:51:35 (I) Loader: skipping remote for platform: windows
2020-02-22 02:51:35 (I) Loader: loading remote: /home/cabe/.urserver/remotes/bundled/Unified/Main/Pixel/meta.prop
2020-02-22 02:51:35 (I) Loader: skipping remote for platform: windows
2020-02-22 02:51:35 (I) Loader: loading remote: /home/cabe/.urserver/remotes/bundled/Unified/Main/MPC-HC/meta.prop
2020-02-22 02:51:35 (I) Loader: skipping remote for platform: windows
2020-02-22 02:51:35 (I) Loader: loading remote: /home/cabe/.urserver/remotes/bundled/Unified/Main/iTunes/meta.prop
2020-02-22 02:51:35 (I) Loader: skipping remote for platform: windows osx
2020-02-22 02:51:35 (I) Loader: loading remote: /home/cabe/.urserver/remotes/bundled/Unified/Main/Spotify/meta.prop
2020-02-22 02:51:35 (I) Loader: loading remote: /home/cabe/.urserver/remotes/bundled/Unified/Main/Winamp/meta.prop
2020-02-22 02:51:35 (I) Loader: skipping remote for platform: windows
2020-02-22 02:51:35 (I) Loader: loading remote: /home/cabe/.urserver/remotes/bundled/Unified/Main/Keyboards/German/meta.prop
2020-02-22 02:51:35 (I) Loader: loading remote: /home/cabe/.urserver/remotes/bundled/Unified/Main/Keyboards/English/meta.prop
2020-02-22 02:51:35 (I) Loader: loading remote: /home/cabe/.urserver/remotes/bundled/Unified/Main/Keyboards/Navigation/meta.prop
2020-02-22 02:51:35 (I) Loader: loading remote: /home/cabe/.urserver/remotes/bundled/Unified/Main/Keyboards/Russian/meta.prop
2020-02-22 02:51:35 (I) Loader: loading remote: /home/cabe/.urserver/remotes/bundled/Unified/Main/Keyboards/Dvorak/meta.prop
2020-02-22 02:51:35 (I) Loader: loading remote: /home/cabe/.urserver/remotes/bundled/Unified/Main/Keyboards/Swedish/meta.prop
2020-02-22 02:51:35 (I) Loader: loading remote: /home/cabe/.urserver/remotes/bundled/Unified/Main/Keyboards/Function/meta.prop
2020-02-22 02:51:35 (I) Loader: loading remote: /home/cabe/.urserver/remotes/bundled/Unified/Main/Keyboards/Arabic/meta.prop
2020-02-22 02:51:35 (I) Loader: loading remote: /home/cabe/.urserver/remotes/bundled/Unified/Main/Media/meta.prop
2020-02-22 02:51:35 (I) Loader: loading remote: /home/cabe/.urserver/remotes/bundled/Unified/Main/Spotify Advanced/meta.prop
2020-02-22 02:51:35 (I) Loader: loading remote: /home/cabe/.urserver/remotes/bundled/Unified/Main/Boxee Web/meta.prop
2020-02-22 02:51:35 (I) Loader: loading remote: /home/cabe/.urserver/remotes/bundled/Unified/Main/Opera/meta.prop
2020-02-22 02:51:35 (I) Loader: loading remote: /home/cabe/.urserver/remotes/bundled/Unified/Main/Hulu Web/meta.prop
2020-02-22 02:51:35 (I) Loader: loading remote: /home/cabe/.urserver/remotes/bundled/Unified/Main/Amazon Prime Video/meta.prop
2020-02-22 02:51:35 (I) Loader: loading remote: /home/cabe/.urserver/remotes/bundled/Unified/Main/TellStick/meta.prop
2020-02-22 02:51:35 (I) Loader: skipping remote for platform: windows
2020-02-22 02:51:35 (I) Loader: loading remote: /home/cabe/.urserver/remotes/bundled/Unified/Main/Windows Media Center/meta.prop
2020-02-22 02:51:35 (I) Loader: skipping remote for platform: windows
2020-02-22 02:51:35 (I) Loader: loading remote: /home/cabe/.urserver/remotes/bundled/Unified/Main/Monitor/meta.prop
2020-02-22 02:51:35 (I) Loader: loading remote: /home/cabe/.urserver/remotes/bundled/Unified/Main/iPhoto/meta.prop
2020-02-22 02:51:35 (I) Loader: skipping remote for platform: osx
2020-02-22 02:51:35 (I) Loader: loading remote: /home/cabe/.urserver/remotes/bundled/Unified/Main/Hulu Desktop/meta.prop
2020-02-22 02:51:35 (I) Loader: skipping remote for platform: windows
2020-02-22 02:51:35 (I) Loader: loading remote: /home/cabe/.urserver/remotes/bundled/Unified/Main/Basic Input/meta.prop
2020-02-22 02:51:35 (I) Loader: loading remote: /home/cabe/.urserver/remotes/bundled/Unified/Main/Screen/meta.prop
2020-02-22 02:51:35 (I) Loader: skipping remote for platform: windows macosx
2020-02-22 02:51:35 (I) Loader: loading remote: /home/cabe/.urserver/remotes/bundled/Unified/Main/Keynote/meta.prop
2020-02-22 02:51:35 (I) Loader: skipping remote for platform: osx
2020-02-22 02:51:35 (I) Loader: loading remote: /home/cabe/.urserver/remotes/bundled/Unified/Main/Plex Keyboard/meta.prop
2020-02-22 02:51:35 (I) Loader: loading remote: /home/cabe/.urserver/remotes/bundled/Unified/Main/MPlayerX/meta.prop
2020-02-22 02:51:35 (I) Loader: skipping remote for platform: osx
2020-02-22 02:51:35 (I) Loader: loading remote: /home/cabe/.urserver/remotes/bundled/Unified/Main/Power/meta.prop
2020-02-22 02:51:35 (I) Loader: loading remote: /home/cabe/.urserver/remotes/bundled/Unified/Main/Kodi Web/meta.prop
2020-02-22 02:51:35 (I) Loader: loading remote: /home/cabe/.urserver/remotes/bundled/Unified/Main/Numpad/meta.prop
2020-02-22 02:51:35 (I) Loader: loading remote: /home/cabe/.urserver/remotes/bundled/Unified/Main/Spotify Advanced Legacy/meta.prop
2020-02-22 02:51:35 (I) Loader: skipping remote for platform: windows osx
2020-02-22 02:51:35 (I) Loader: loading remote: /home/cabe/.urserver/remotes/bundled/Unified/Main/Daum PotPlayer/meta.prop
2020-02-22 02:51:35 (I) Loader: skipping remote for platform: windows
2020-02-22 02:51:35 (I) Loader: loading remote: /home/cabe/.urserver/remotes/bundled/Unified/Main/Windows/meta.prop
2020-02-22 02:51:35 (I) Loader: skipping remote for platform: windows
2020-02-22 02:51:35 (I) Loader: loading remote: /home/cabe/.urserver/remotes/bundled/Unified/Main/Google Presentation/meta.prop
2020-02-22 02:51:35 (I) Loader: loading remote: /home/cabe/.urserver/remotes/bundled/Unified/Main/MediaPortal/meta.prop
2020-02-22 02:51:35 (I) Loader: skipping remote for platform: windows
2020-02-22 02:51:35 (I) Loader: loading remote: /home/cabe/.urserver/remotes/bundled/Unified/Main/Performance/meta.prop
2020-02-22 02:51:35 (I) Loader: loading remote: /home/cabe/.urserver/remotes/bundled/Unified/Main/Movies TV/meta.prop
2020-02-22 02:51:35 (I) Loader: skipping remote for platform: windows
2020-02-22 02:51:35 (I) Loader: loading remote: /home/cabe/.urserver/remotes/bundled/Unified/Main/Kodi Keyboard/meta.prop
2020-02-22 02:51:35 (I) Loader: loading remote: /home/cabe/.urserver/remotes/bundled/Unified/Main/Spy/meta.prop
2020-02-22 02:51:35 (I) Loader: skipping remote for platform: windows
2020-02-22 02:51:35 (I) Loader: loading remote: /home/cabe/.urserver/remotes/bundled/Unified/Main/File Manager/meta.prop
2020-02-22 02:51:35 (I) Loader: loading remote: /home/cabe/.urserver/remotes/bundled/Unified/Core/OS/meta.prop
2020-02-22 02:51:35 (I) Loader: loading remote: /home/cabe/.urserver/remotes/bundled/Unified/Core/FS/meta.prop
2020-02-22 02:51:35 (I) Loader: loading remote: /home/cabe/.urserver/remotes/bundled/Unified/Core/Input/meta.prop
2020-02-22 02:51:35 (I) Loader: loading remote: /home/cabe/.urserver/remotes/bundled/Unified/Core/Keyboard/meta.prop
2020-02-22 02:51:35 (I) Loader: loading remote: /home/cabe/.urserver/remotes/bundled/Unified/Core/Mouse/meta.prop
2020-02-22 02:51:35 (I) Loader: loading remote: /home/cabe/.urserver/remotes/bundled/Unified/Core/Script/meta.prop
2020-02-22 02:51:35 (I) Loader: loading remote: /home/cabe/.urserver/remotes/bundled/Unified/Core/Win/meta.prop
2020-02-22 02:51:35 (I) Loader: skipping remote for platform: windows
2020-02-22 02:51:35 (I) Loader: loading remote: /home/cabe/.urserver/remotes/bundled/Unified/Core/HTTP/meta.prop
2020-02-22 02:51:35 (I) Loader: loading remote: /home/cabe/.urserver/remotes/bundled/Unified/Core/Log/meta.prop
2020-02-22 02:51:35 (I) Loader: loading remote: /home/cabe/.urserver/remotes/bundled/Unified/Examples/IR Offline/meta.prop
2020-02-22 02:51:35 (I) Loader: loading remote: /home/cabe/.urserver/remotes/bundled/Unified/Examples/IR/meta.prop
2020-02-22 02:51:35 (I) Loader: loading remote: /home/cabe/.urserver/remotes/bundled/Unified/Examples/USB-UIRT/meta.prop
2020-02-22 02:51:35 (I) Loader: skipping remote for platform: windows
2020-02-22 02:51:35 (I) Loader: loading remote: /home/cabe/.urserver/remotes/bundled/Unified/Examples/Keys/meta.prop
2020-02-22 02:51:35 (I) Loader: loading remote: /home/cabe/.urserver/remotes/bundled/Unified/Examples/Run/meta.prop
2020-02-22 02:51:35 (I) Loader: loading remote: /home/cabe/.urserver/remotes/bundled/Unified/Examples/Scripts/meta.prop
2020-02-22 02:51:35 (I) Loader: loading remote: /home/cabe/.urserver/remotes/bundled/Unified/Examples/HTTP/meta.prop
2020-02-22 02:51:35 (W) Loader: path does not exist (/opt/urserver/custom)
2020-02-22 02:51:35 (I) InputBuilderFactoryImpl: loaded X libraries
2020-02-22 02:51:35 (I) TCPInterfaceBase: started tcp interface on port 9512
2020-02-22 02:51:35 (I) UDPInterface: started udp interface on port 9512
2020-02-22 02:51:35 (I) HTTPInterface: started http interface on port 9510
2020-02-22 02:51:35 (E) BluetoothInterface: bluetooth: could not connect to sdp
2020-02-22 02:51:35 (I) Discovery: started discovery interface on port 9511
2020-02-22 02:51:35 (I) App: non-interactive mode
2020-02-22 02:51:35 (I) App: waiting for termination request...
2020-02-22 02:51:43 (I) App: termination request received
2020-02-22 02:51:43 (I) HTTPInterface: stopping http interface
2020-02-22 02:51:43 (I) TCPInterfaceBase: stopping tcp interface
2020-02-22 02:51:43 (I) UDPInterface: stopping udp interface
2020-02-22 02:51:43 (I) Discovery: stopping discovery interface
2020-02-22 02:53:15 (I) Engine: initialized (production release 745)
2020-02-22 02:53:15 (I) Engine: app: /opt/urserver/urserver
2020-02-22 02:53:15 (I) Engine: manager: /opt/urserver/manager
2020-02-22 02:53:15 (I) Engine: config: /home/cabe/.urserver/urserver.config
2020-02-22 02:53:15 (I) Engine: logs: /home/cabe/.urserver/urserver.log
2020-02-22 02:53:15 (I) Engine: remotes: /home/cabe/.urserver/remotes
2020-02-22 02:53:15 (I) Engine: custom: /opt/urserver/custom
2020-02-22 02:53:15 (I) App: application starting
2020-02-22 02:53:15 (I) Loader: loading remote: /home/cabe/.urserver/remotes/custom/lmedia/meta.prop
2020-02-22 02:53:15 (I) Loader: loading remote: /home/cabe/.urserver/remotes/custom/lmediatab/meta.prop
2020-02-22 02:53:15 (I) Loader: loading remote: /home/cabe/.urserver/remotes/custom/lpower/meta.prop
2020-02-22 02:53:15 (I) Loader: loading remote: /home/cabe/.urserver/remotes/custom/mpv/meta.prop
2020-02-22 02:53:15 (I) Loader: loading remote: /home/cabe/.urserver/remotes/custom/mpd/meta.prop
2020-02-22 02:53:15 (I) Loader: loading remote: /home/cabe/.urserver/remotes/custom/linuxmain/meta.prop
2020-02-22 02:53:15 (I) Loader: loading remote: /home/cabe/.urserver/remotes/bundled/EyeTV/meta.prop
2020-02-22 02:53:15 (I) Loader: skipping remote for platform: osx
2020-02-22 02:53:15 (I) Loader: loading remote: /home/cabe/.urserver/remotes/bundled/Beamer/Beamer File Picker/meta.prop
2020-02-22 02:53:15 (I) Loader: skipping remote for platform: osx
2020-02-22 02:53:15 (I) Loader: loading remote: /home/cabe/.urserver/remotes/bundled/Beamer/Beamer/meta.prop
2020-02-22 02:53:15 (I) Loader: skipping remote for platform: osx
2020-02-22 02:53:15 (I) Loader: loading remote: /home/cabe/.urserver/remotes/bundled/MPC-BE/meta.prop
2020-02-22 02:53:15 (I) Loader: skipping remote for platform: windows
2020-02-22 02:53:15 (I) Loader: loading remote: /home/cabe/.urserver/remotes/bundled/Porthole/meta.prop
2020-02-22 02:53:15 (I) Loader: skipping remote for platform: osx
2020-02-22 02:53:15 (I) Loader: loading remote: /home/cabe/.urserver/remotes/bundled/Unified/Gaming/Minecraft/meta.prop
2020-02-22 02:53:15 (I) Loader: skipping remote for platform: windows
2020-02-22 02:53:15 (I) Loader: loading remote: /home/cabe/.urserver/remotes/bundled/Unified/Main/GOM Player/meta.prop
2020-02-22 02:53:15 (I) Loader: loading remote: /home/cabe/.urserver/remotes/bundled/Unified/Main/MediaMonkey/meta.prop
2020-02-22 02:53:15 (I) Loader: skipping remote for platform: windows
2020-02-22 02:53:15 (I) Loader: loading remote: /home/cabe/.urserver/remotes/bundled/Unified/Main/Plex App Win10/meta.prop
2020-02-22 02:53:15 (I) Loader: loading remote: /home/cabe/.urserver/remotes/bundled/Unified/Main/Scroll Wheel/meta.prop
2020-02-22 02:53:15 (I) Loader: loading remote: /home/cabe/.urserver/remotes/bundled/Unified/Main/MusicBee/meta.prop
2020-02-22 02:53:15 (I) Loader: skipping remote for platform: windows
2020-02-22 02:53:15 (I) Loader: loading remote: /home/cabe/.urserver/remotes/bundled/Unified/Main/Plex/meta.prop
2020-02-22 02:53:15 (I) Loader: loading remote: /home/cabe/.urserver/remotes/bundled/Unified/Main/BSPlayer/meta.prop
2020-02-22 02:53:15 (I) Loader: skipping remote for platform: windows
2020-02-22 02:53:15 (I) Loader: loading remote: /home/cabe/.urserver/remotes/bundled/Unified/Main/YouTube/meta.prop
2020-02-22 02:53:15 (I) Loader: loading remote: /home/cabe/.urserver/remotes/bundled/Unified/Main/Windows Media Player/meta.prop
2020-02-22 02:53:15 (I) Loader: skipping remote for platform: windows
2020-02-22 02:53:15 (I) Loader: loading remote: /home/cabe/.urserver/remotes/bundled/Unified/Main/KMPlayer/meta.prop
2020-02-22 02:53:15 (I) Loader: skipping remote for platform: windows
2020-02-22 02:53:15 (I) Loader: loading remote: /home/cabe/.urserver/remotes/bundled/Unified/Main/Boxee Keyboard Legacy/meta.prop
2020-02-22 02:53:15 (I) Loader: skipping remote for platform: windows
2020-02-22 02:53:15 (I) Loader: loading remote: /home/cabe/.urserver/remotes/bundled/Unified/Main/PowerPoint Advanced/meta.prop
2020-02-22 02:53:15 (I) Loader: skipping remote for platform: windows osx
2020-02-22 02:53:15 (I) Loader: loading remote: /home/cabe/.urserver/remotes/bundled/Unified/Main/Kodi Keyboard Dpad/meta.prop
2020-02-22 02:53:15 (I) Loader: loading remote: /home/cabe/.urserver/remotes/bundled/Unified/Main/Chrome/meta.prop
2020-02-22 02:53:15 (I) Loader: loading remote: /home/cabe/.urserver/remotes/bundled/Unified/Main/Start/meta.prop
2020-02-22 02:53:15 (I) Loader: skipping remote for platform: win
2020-02-22 02:53:15 (I) Loader: loading remote: /home/cabe/.urserver/remotes/bundled/Unified/Main/Groove/meta.prop
2020-02-22 02:53:15 (I) Loader: skipping remote for platform: windows
2020-02-22 02:53:15 (I) Loader: loading remote: /home/cabe/.urserver/remotes/bundled/Unified/Main/Command/meta.prop
2020-02-22 02:53:15 (I) Loader: loading remote: /home/cabe/.urserver/remotes/bundled/Unified/Main/SlideShow/meta.prop
2020-02-22 02:53:15 (I) Loader: loading remote: /home/cabe/.urserver/remotes/bundled/Unified/Main/PowerPoint Basic/meta.prop
2020-02-22 02:53:15 (I) Loader: loading remote: /home/cabe/.urserver/remotes/bundled/Unified/Main/VLC Web/meta.prop
2020-02-22 02:53:15 (I) Loader: loading remote: /home/cabe/.urserver/remotes/bundled/Unified/Main/USB-UIRT/meta.prop
2020-02-22 02:53:15 (I) Loader: skipping remote for platform: windows
2020-02-22 02:53:15 (I) Loader: loading remote: /home/cabe/.urserver/remotes/bundled/Unified/Main/Magnifier/meta.prop
2020-02-22 02:53:15 (I) Loader: skipping remote for platform: windows
2020-02-22 02:53:15 (I) Loader: loading remote: /home/cabe/.urserver/remotes/bundled/Unified/Main/Basic Input MT/meta.prop
2020-02-22 02:53:15 (I) Loader: loading remote: /home/cabe/.urserver/remotes/bundled/Unified/Main/VLC/meta.prop
2020-02-22 02:53:15 (I) Loader: loading remote: /home/cabe/.urserver/remotes/bundled/Unified/Main/Picasa/meta.prop
2020-02-22 02:53:15 (I) Loader: skipping remote for platform: windows
2020-02-22 02:53:15 (I) Loader: loading remote: /home/cabe/.urserver/remotes/bundled/Unified/Main/Google Music/meta.prop
2020-02-22 02:53:15 (I) Loader: loading remote: /home/cabe/.urserver/remotes/bundled/Unified/Main/Pandora/meta.prop
2020-02-22 02:53:15 (I) Loader: loading remote: /home/cabe/.urserver/remotes/bundled/Unified/Main/Safari/meta.prop
2020-02-22 02:53:15 (I) Loader: skipping remote for platform: macosx
2020-02-22 02:53:15 (I) Loader: loading remote: /home/cabe/.urserver/remotes/bundled/Unified/Main/XBMC Web/meta.prop
2020-02-22 02:53:15 (I) Loader: loading remote: /home/cabe/.urserver/remotes/bundled/Unified/Main/Send Text/meta.prop
2020-02-22 02:53:15 (I) Loader: loading remote: /home/cabe/.urserver/remotes/bundled/Unified/Main/IE/meta.prop
2020-02-22 02:53:15 (I) Loader: skipping remote for platform: windows
2020-02-22 02:53:15 (I) Loader: loading remote: /home/cabe/.urserver/remotes/bundled/Unified/Main/JRiver/meta.prop
2020-02-22 02:53:15 (I) Loader: skipping remote for platform: windows
2020-02-22 02:53:15 (I) Loader: loading remote: /home/cabe/.urserver/remotes/bundled/Unified/Main/Volume/meta.prop
2020-02-22 02:53:15 (I) Loader: skipping remote for platform: windows macosx
2020-02-22 02:53:15 (I) Loader: loading remote: /home/cabe/.urserver/remotes/bundled/Unified/Main/Mac OS X/meta.prop
2020-02-22 02:53:15 (I) Loader: skipping remote for platform: osx
2020-02-22 02:53:15 (I) Loader: loading remote: /home/cabe/.urserver/remotes/bundled/Unified/Main/Launcher (Linux)/meta.prop
2020-02-22 02:53:15 (I) Loader: loading remote: /home/cabe/.urserver/remotes/bundled/Unified/Main/CD-DVD Tray/meta.prop
2020-02-22 02:53:15 (I) Loader: skipping remote for platform: windows macosx
2020-02-22 02:53:15 (I) Loader: loading remote: /home/cabe/.urserver/remotes/bundled/Unified/Main/Netflix App/meta.prop
2020-02-22 02:53:15 (I) Loader: skipping remote for platform: windows
2020-02-22 02:53:15 (I) Loader: loading remote: /home/cabe/.urserver/remotes/bundled/Unified/Main/Skype/meta.prop
2020-02-22 02:53:15 (I) Loader: skipping remote for platform: windows
2020-02-22 02:53:15 (I) Loader: loading remote: /home/cabe/.urserver/remotes/bundled/Unified/Main/Task Manager/meta.prop
2020-02-22 02:53:15 (I) Loader: skipping remote for platform: windows macosx
2020-02-22 02:53:15 (I) Loader: loading remote: /home/cabe/.urserver/remotes/bundled/Unified/Main/TwitchTV/meta.prop
2020-02-22 02:53:15 (I) Loader: loading remote: /home/cabe/.urserver/remotes/bundled/Unified/Main/Windows 8/meta.prop
2020-02-22 02:53:15 (I) Loader: skipping remote for platform: windows
2020-02-22 02:53:15 (I) Loader: loading remote: /home/cabe/.urserver/remotes/bundled/Unified/Main/QuickTime Player/meta.prop
2020-02-22 02:53:15 (I) Loader: skipping remote for platform: osx
2020-02-22 02:53:15 (I) Loader: loading remote: /home/cabe/.urserver/remotes/bundled/Unified/Main/XBMC Keyboard/meta.prop
2020-02-22 02:53:15 (I) Loader: loading remote: /home/cabe/.urserver/remotes/bundled/Unified/Main/foobar2000/meta.prop
2020-02-22 02:53:15 (I) Loader: skipping remote for platform: windows
2020-02-22 02:53:15 (I) Loader: loading remote: /home/cabe/.urserver/remotes/bundled/Unified/Main/TellStick Live/meta.prop
2020-02-22 02:53:15 (I) Loader: skipping remote for platform: windows
2020-02-22 02:53:15 (I) Loader: loading remote: /home/cabe/.urserver/remotes/bundled/Unified/Main/Boxee Keyboard/meta.prop
2020-02-22 02:53:15 (I) Loader: skipping remote for platform: windows
2020-02-22 02:53:15 (I) Loader: loading remote: /home/cabe/.urserver/remotes/bundled/Unified/Main/Netflix/meta.prop
2020-02-22 02:53:15 (I) Loader: loading remote: /home/cabe/.urserver/remotes/bundled/Unified/Main/SoundCloud/meta.prop
2020-02-22 02:53:15 (I) Loader: loading remote: /home/cabe/.urserver/remotes/bundled/Unified/Main/Napster/meta.prop
2020-02-22 02:53:15 (I) Loader: loading remote: /home/cabe/.urserver/remotes/bundled/Unified/Main/Launcher (Mac)/meta.prop
2020-02-22 02:53:15 (I) Loader: skipping remote for platform: macosx
2020-02-22 02:53:15 (I) Loader: loading remote: /home/cabe/.urserver/remotes/bundled/Unified/Main/Server Manager/meta.prop
2020-02-22 02:53:15 (I) Loader: loading remote: /home/cabe/.urserver/remotes/bundled/Unified/Main/Firefox/meta.prop
2020-02-22 02:53:15 (I) Loader: loading remote: /home/cabe/.urserver/remotes/bundled/Unified/Main/Netflix App Win10/meta.prop
2020-02-22 02:53:15 (I) Loader: skipping remote for platform: windows
2020-02-22 02:53:15 (I) Loader: loading remote: /home/cabe/.urserver/remotes/bundled/Unified/Main/Windows Photo Viewer/meta.prop
2020-02-22 02:53:15 (I) Loader: skipping remote for platform: windows
2020-02-22 02:53:15 (I) Loader: loading remote: /home/cabe/.urserver/remotes/bundled/Unified/Main/Pixel/meta.prop
2020-02-22 02:53:15 (I) Loader: skipping remote for platform: windows
2020-02-22 02:53:15 (I) Loader: loading remote: /home/cabe/.urserver/remotes/bundled/Unified/Main/MPC-HC/meta.prop
2020-02-22 02:53:15 (I) Loader: skipping remote for platform: windows
2020-02-22 02:53:15 (I) Loader: loading remote: /home/cabe/.urserver/remotes/bundled/Unified/Main/iTunes/meta.prop
2020-02-22 02:53:15 (I) Loader: skipping remote for platform: windows osx
2020-02-22 02:53:15 (I) Loader: loading remote: /home/cabe/.urserver/remotes/bundled/Unified/Main/Spotify/meta.prop
2020-02-22 02:53:15 (I) Loader: loading remote: /home/cabe/.urserver/remotes/bundled/Unified/Main/Winamp/meta.prop
2020-02-22 02:53:15 (I) Loader: skipping remote for platform: windows
2020-02-22 02:53:15 (I) Loader: loading remote: /home/cabe/.urserver/remotes/bundled/Unified/Main/Keyboards/German/meta.prop
2020-02-22 02:53:15 (I) Loader: loading remote: /home/cabe/.urserver/remotes/bundled/Unified/Main/Keyboards/English/meta.prop
2020-02-22 02:53:15 (I) Loader: loading remote: /home/cabe/.urserver/remotes/bundled/Unified/Main/Keyboards/Navigation/meta.prop
2020-02-22 02:53:15 (I) Loader: loading remote: /home/cabe/.urserver/remotes/bundled/Unified/Main/Keyboards/Russian/meta.prop
2020-02-22 02:53:15 (I) Loader: loading remote: /home/cabe/.urserver/remotes/bundled/Unified/Main/Keyboards/Dvorak/meta.prop
2020-02-22 02:53:15 (I) Loader: loading remote: /home/cabe/.urserver/remotes/bundled/Unified/Main/Keyboards/Swedish/meta.prop
2020-02-22 02:53:15 (I) Loader: loading remote: /home/cabe/.urserver/remotes/bundled/Unified/Main/Keyboards/Function/meta.prop
2020-02-22 02:53:15 (I) Loader: loading remote: /home/cabe/.urserver/remotes/bundled/Unified/Main/Keyboards/Arabic/meta.prop
2020-02-22 02:53:15 (I) Loader: loading remote: /home/cabe/.urserver/remotes/bundled/Unified/Main/Media/meta.prop
2020-02-22 02:53:15 (I) Loader: loading remote: /home/cabe/.urserver/remotes/bundled/Unified/Main/Spotify Advanced/meta.prop
2020-02-22 02:53:15 (I) Loader: loading remote: /home/cabe/.urserver/remotes/bundled/Unified/Main/Boxee Web/meta.prop
2020-02-22 02:53:15 (I) Loader: loading remote: /home/cabe/.urserver/remotes/bundled/Unified/Main/Opera/meta.prop
2020-02-22 02:53:15 (I) Loader: loading remote: /home/cabe/.urserver/remotes/bundled/Unified/Main/Hulu Web/meta.prop
2020-02-22 02:53:15 (I) Loader: loading remote: /home/cabe/.urserver/remotes/bundled/Unified/Main/Amazon Prime Video/meta.prop
2020-02-22 02:53:15 (I) Loader: loading remote: /home/cabe/.urserver/remotes/bundled/Unified/Main/TellStick/meta.prop
2020-02-22 02:53:15 (I) Loader: skipping remote for platform: windows
2020-02-22 02:53:15 (I) Loader: loading remote: /home/cabe/.urserver/remotes/bundled/Unified/Main/Windows Media Center/meta.prop
2020-02-22 02:53:15 (I) Loader: skipping remote for platform: windows
2020-02-22 02:53:15 (I) Loader: loading remote: /home/cabe/.urserver/remotes/bundled/Unified/Main/Monitor/meta.prop
2020-02-22 02:53:15 (I) Loader: loading remote: /home/cabe/.urserver/remotes/bundled/Unified/Main/iPhoto/meta.prop
2020-02-22 02:53:15 (I) Loader: skipping remote for platform: osx
2020-02-22 02:53:15 (I) Loader: loading remote: /home/cabe/.urserver/remotes/bundled/Unified/Main/Hulu Desktop/meta.prop
2020-02-22 02:53:15 (I) Loader: skipping remote for platform: windows
2020-02-22 02:53:15 (I) Loader: loading remote: /home/cabe/.urserver/remotes/bundled/Unified/Main/Basic Input/meta.prop
2020-02-22 02:53:15 (I) Loader: loading remote: /home/cabe/.urserver/remotes/bundled/Unified/Main/Screen/meta.prop
2020-02-22 02:53:15 (I) Loader: skipping remote for platform: windows macosx
2020-02-22 02:53:15 (I) Loader: loading remote: /home/cabe/.urserver/remotes/bundled/Unified/Main/Keynote/meta.prop
2020-02-22 02:53:15 (I) Loader: skipping remote for platform: osx
2020-02-22 02:53:15 (I) Loader: loading remote: /home/cabe/.urserver/remotes/bundled/Unified/Main/Plex Keyboard/meta.prop
2020-02-22 02:53:15 (I) Loader: loading remote: /home/cabe/.urserver/remotes/bundled/Unified/Main/MPlayerX/meta.prop
2020-02-22 02:53:15 (I) Loader: skipping remote for platform: osx
2020-02-22 02:53:15 (I) Loader: loading remote: /home/cabe/.urserver/remotes/bundled/Unified/Main/Power/meta.prop
2020-02-22 02:53:15 (I) Loader: loading remote: /home/cabe/.urserver/remotes/bundled/Unified/Main/Kodi Web/meta.prop
2020-02-22 02:53:15 (I) Loader: loading remote: /home/cabe/.urserver/remotes/bundled/Unified/Main/Numpad/meta.prop
2020-02-22 02:53:15 (I) Loader: loading remote: /home/cabe/.urserver/remotes/bundled/Unified/Main/Spotify Advanced Legacy/meta.prop
2020-02-22 02:53:15 (I) Loader: skipping remote for platform: windows osx
2020-02-22 02:53:15 (I) Loader: loading remote: /home/cabe/.urserver/remotes/bundled/Unified/Main/Daum PotPlayer/meta.prop
2020-02-22 02:53:15 (I) Loader: skipping remote for platform: windows
2020-02-22 02:53:15 (I) Loader: loading remote: /home/cabe/.urserver/remotes/bundled/Unified/Main/Windows/meta.prop
2020-02-22 02:53:15 (I) Loader: skipping remote for platform: windows
2020-02-22 02:53:15 (I) Loader: loading remote: /home/cabe/.urserver/remotes/bundled/Unified/Main/Google Presentation/meta.prop
2020-02-22 02:53:15 (I) Loader: loading remote: /home/cabe/.urserver/remotes/bundled/Unified/Main/MediaPortal/meta.prop
2020-02-22 02:53:15 (I) Loader: skipping remote for platform: windows
2020-02-22 02:53:15 (I) Loader: loading remote: /home/cabe/.urserver/remotes/bundled/Unified/Main/Performance/meta.prop
2020-02-22 02:53:15 (I) Loader: loading remote: /home/cabe/.urserver/remotes/bundled/Unified/Main/Movies TV/meta.prop
2020-02-22 02:53:15 (I) Loader: skipping remote for platform: windows
2020-02-22 02:53:15 (I) Loader: loading remote: /home/cabe/.urserver/remotes/bundled/Unified/Main/Kodi Keyboard/meta.prop
2020-02-22 02:53:15 (I) Loader: loading remote: /home/cabe/.urserver/remotes/bundled/Unified/Main/Spy/meta.prop
2020-02-22 02:53:15 (I) Loader: skipping remote for platform: windows
2020-02-22 02:53:15 (I) Loader: loading remote: /home/cabe/.urserver/remotes/bundled/Unified/Main/File Manager/meta.prop
2020-02-22 02:53:15 (I) Loader: loading remote: /home/cabe/.urserver/remotes/bundled/Unified/Core/OS/meta.prop
2020-02-22 02:53:15 (I) Loader: loading remote: /home/cabe/.urserver/remotes/bundled/Unified/Core/FS/meta.prop
2020-02-22 02:53:15 (I) Loader: loading remote: /home/cabe/.urserver/remotes/bundled/Unified/Core/Input/meta.prop
2020-02-22 02:53:15 (I) Loader: loading remote: /home/cabe/.urserver/remotes/bundled/Unified/Core/Keyboard/meta.prop
2020-02-22 02:53:15 (I) Loader: loading remote: /home/cabe/.urserver/remotes/bundled/Unified/Core/Mouse/meta.prop
2020-02-22 02:53:15 (I) Loader: loading remote: /home/cabe/.urserver/remotes/bundled/Unified/Core/Script/meta.prop
2020-02-22 02:53:15 (I) Loader: loading remote: /home/cabe/.urserver/remotes/bundled/Unified/Core/Win/meta.prop
2020-02-22 02:53:15 (I) Loader: skipping remote for platform: windows
2020-02-22 02:53:15 (I) Loader: loading remote: /home/cabe/.urserver/remotes/bundled/Unified/Core/HTTP/meta.prop
2020-02-22 02:53:15 (I) Loader: loading remote: /home/cabe/.urserver/remotes/bundled/Unified/Core/Log/meta.prop
2020-02-22 02:53:15 (I) Loader: loading remote: /home/cabe/.urserver/remotes/bundled/Unified/Examples/IR Offline/meta.prop
2020-02-22 02:53:15 (I) Loader: loading remote: /home/cabe/.urserver/remotes/bundled/Unified/Examples/IR/meta.prop
2020-02-22 02:53:15 (I) Loader: loading remote: /home/cabe/.urserver/remotes/bundled/Unified/Examples/USB-UIRT/meta.prop
2020-02-22 02:53:15 (I) Loader: skipping remote for platform: windows
2020-02-22 02:53:15 (I) Loader: loading remote: /home/cabe/.urserver/remotes/bundled/Unified/Examples/Keys/meta.prop
2020-02-22 02:53:15 (I) Loader: loading remote: /home/cabe/.urserver/remotes/bundled/Unified/Examples/Run/meta.prop
2020-02-22 02:53:15 (I) Loader: loading remote: /home/cabe/.urserver/remotes/bundled/Unified/Examples/Scripts/meta.prop
2020-02-22 02:53:15 (I) Loader: loading remote: /home/cabe/.urserver/remotes/bundled/Unified/Examples/HTTP/meta.prop
2020-02-22 02:53:15 (W) Loader: path does not exist (/opt/urserver/custom)
2020-02-22 02:53:15 (I) InputBuilderFactoryImpl: loaded X libraries
2020-02-22 02:53:15 (I) TCPInterfaceBase: started tcp interface on port 9512
2020-02-22 02:53:15 (I) UDPInterface: started udp interface on port 9512
2020-02-22 02:53:15 (I) HTTPInterface: started http interface on port 9510
2020-02-22 02:53:15 (E) BluetoothInterface: bluetooth: could not connect to sdp
2020-02-22 02:53:15 (I) Discovery: started discovery interface on port 9511
2020-02-22 02:53:15 (I) App: non-interactive mode
2020-02-22 02:53:15 (I) App: waiting for termination request...
